<?xml version="1.0" encoding="UTF-8"?>
<!-- Generated by org.testng.reporters.JUnitReportReporter -->
<testsuite hostname="bibeksarangi" name="TestGETMethod" tests="3" failures="0" timestamp="29 Jul 2018 16:19:04 GMT" time="22.061" errors="0">
  <testcase name="testStatusCode" time="8.469" classname="TestGETMethod"/>
  <testcase name="testHeader" time="2.757" classname="TestGETMethod"/>
  <testcase name="testBody" time="10.835" classname="TestGETMethod"/>
</testsuite> <!-- TestGETMethod -->
