<?xml version="1.0" encoding="UTF-8" ?>
<testsuite tests="3" failures="0" name="TestGETMethod" time="22.078" errors="0" skipped="0">
  <properties>
    <property name="java.runtime.name" value="Java(TM) SE Runtime Environment"/>
    <property name="sun.boot.library.path" value="D:\Program Files\Java\jdk1.8.0_31\jre\bin"/>
    <property name="java.vm.version" value="25.31-b07"/>
    <property name="java.vm.vendor" value="Oracle Corporation"/>
    <property name="maven.multiModuleProjectDirectory" value="D:\workspace\restAssured_Framework"/>
    <property name="java.vendor.url" value="http://java.oracle.com/"/>
    <property name="path.separator" value=";"/>
    <property name="guice.disable.misplaced.annotation.check" value="true"/>
    <property name="java.vm.name" value="Java HotSpot(TM) 64-Bit Server VM"/>
    <property name="file.encoding.pkg" value="sun.io"/>
    <property name="user.script" value=""/>
    <property name="user.country" value="US"/>
    <property name="sun.java.launcher" value="SUN_STANDARD"/>
    <property name="sun.os.patch.level" value="Service Pack 1"/>
    <property name="java.vm.specification.name" value="Java Virtual Machine Specification"/>
    <property name="user.dir" value="D:\workspace\restAssured_Framework"/>
    <property name="java.runtime.version" value="1.8.0_31-b13"/>
    <property name="java.awt.graphicsenv" value="sun.awt.Win32GraphicsEnvironment"/>
    <property name="java.endorsed.dirs" value="D:\Program Files\Java\jdk1.8.0_31\jre\lib\endorsed"/>
    <property name="os.arch" value="amd64"/>
    <property name="java.io.tmpdir" value="D:\Users\Bibek\AppData\Local\Temp\"/>
    <property name="line.separator" value="
"/>
    <property name="java.vm.specification.vendor" value="Oracle Corporation"/>
    <property name="user.variant" value=""/>
    <property name="os.name" value="Windows 7"/>
    <property name="classworlds.conf" value="D:\workspace\.metadata\.plugins\org.eclipse.m2e.launching\launches\m2conf4852982650681971103.tmp"/>
    <property name="sun.jnu.encoding" value="Cp1252"/>
    <property name="java.library.path" value="D:\Program Files\Java\jdk1.8.0_31\bin;D:\Windows\Sun\Java\bin;D:\Windows\system32;D:\Windows;D:/Program Files/Java/jdk1.8.0_31/bin/../jre/bin/server;D:/Program Files/Java/jdk1.8.0_31/bin/../jre/bin;D:/Program Files/Java/jdk1.8.0_31/bin/../jre/lib/amd64;D:\python\Scripts\;D:\python\;D:\Windows\System32;D:\Program Files (x86)\iis express\PHP\v5.4;D:\app\Oracle\product\11.1.0\db_1\bin;D:\Program Files\Common Files\Microsoft Shared\Windows Live;D:\Program Files (x86)\Common Files\Microsoft Shared\Windows Live;D:\Program Files\Java\jdk1.8.0_31\bin;D:\Program Files (x86)\Microsoft SQL Server\80\Tools\Binn\;D:\Program Files (x86)\Microsoft SQL Server\90\DTS\Binn\;D:\Program Files (x86)\Microsoft SQL Server\90\Tools\binn\;D:\Program Files (x86)\Microsoft SQL Server\90\Tools\Binn\VSShell\Common7\IDE\;D:\Program Files (x86)\Microsoft Visual Studio 8\Common7\IDE\PrivateAssemblies\;D:\workspace\apache-ant-1.9.4\bin\;D:\Program Files\apachemaven\bin;D:\Program Files\Java\jre1.8.0_31\bin;D:\Program Files\nodejs\;D:\Users\Bibek\AppData\Roaming\npm;D:\Program Files\MySQL\MySQL Server 5.1\bin;D:\Program Files (x86)\Skype\Phone\;D:\python\Scripts\ ;D:\Users\Bibek\AppData\Local\Android\Sdk\platform-tools;D:\Users\Bibek\AppData\Local\Android\Sdk\tools;D:\Users\Bibek\AppData\Local\Android\Sdk\tools\bin;D:\Users\Bibek\AppData\Roaming\npm;E:\D drive backup\testing tools\Selenium - Java\Eclipse64\eclipse;;."/>
    <property name="java.specification.name" value="Java Platform API Specification"/>
    <property name="java.class.version" value="52.0"/>
    <property name="sun.management.compiler" value="HotSpot 64-Bit Tiered Compilers"/>
    <property name="os.version" value="6.1"/>
    <property name="user.home" value="D:\Users\Bibek"/>
    <property name="user.timezone" value="Asia/Calcutta"/>
    <property name="java.awt.printerjob" value="sun.awt.windows.WPrinterJob"/>
    <property name="java.specification.version" value="1.8"/>
    <property name="file.encoding" value="Cp1252"/>
    <property name="user.name" value="Bibek"/>
    <property name="java.class.path" value="/E:/D drive backup/testing tools/Selenium - Java/Eclipse64/eclipse/plugins/org.eclipse.m2e.maven.runtime_1.6.2.20150902-0001/jars/plexus-classworlds-2.5.2.jar"/>
    <property name="java.vm.specification.version" value="1.8"/>
    <property name="sun.arch.data.model" value="64"/>
    <property name="java.home" value="D:\Program Files\Java\jdk1.8.0_31\jre"/>
    <property name="sun.java.command" value="org.codehaus.plexus.classworlds.launcher.Launcher -B install"/>
    <property name="java.specification.vendor" value="Oracle Corporation"/>
    <property name="user.language" value="en"/>
    <property name="awt.toolkit" value="sun.awt.windows.WToolkit"/>
    <property name="java.vm.info" value="mixed mode"/>
    <property name="java.version" value="1.8.0_31"/>
    <property name="java.ext.dirs" value="D:\Program Files\Java\jdk1.8.0_31\jre\lib\ext;D:\Windows\Sun\Java\lib\ext"/>
    <property name="sun.boot.class.path" value="D:\Program Files\Java\jdk1.8.0_31\jre\lib\resources.jar;D:\Program Files\Java\jdk1.8.0_31\jre\lib\rt.jar;D:\Program Files\Java\jdk1.8.0_31\jre\lib\sunrsasign.jar;D:\Program Files\Java\jdk1.8.0_31\jre\lib\jsse.jar;D:\Program Files\Java\jdk1.8.0_31\jre\lib\jce.jar;D:\Program Files\Java\jdk1.8.0_31\jre\lib\charsets.jar;D:\Program Files\Java\jdk1.8.0_31\jre\lib\jfr.jar;D:\Program Files\Java\jdk1.8.0_31\jre\classes"/>
    <property name="java.vendor" value="Oracle Corporation"/>
    <property name="maven.home" value="D:\workspace\restAssured_Framework\EMBEDDED"/>
    <property name="file.separator" value="\"/>
    <property name="java.vendor.url.bug" value="http://bugreport.sun.com/bugreport/"/>
    <property name="sun.cpu.endian" value="little"/>
    <property name="sun.io.unicode.encoding" value="UnicodeLittle"/>
    <property name="sun.desktop" value="windows"/>
    <property name="sun.cpu.isalist" value="amd64"/>
  </properties>
  <testcase classname="TestGETMethod" name="testStatusCode" time="8.478"/>
  <testcase classname="TestGETMethod" name="testBody" time="10.922"/>
  <testcase classname="TestGETMethod" name="testHeader" time="2.678"/>
</testsuite>